<?xml version="1.0" encoding="UTF-8"?>
<testsuite name="tests.content.BodyTest" tests="2" skipped="0" failures="0" errors="0" timestamp="2019-01-28T15:20:49" hostname="Pavlos-MacBook-Pro.local" time="0.124">
  <properties/>
  <testcase name="mainTitlesTest" classname="tests.content.BodyTest" time="0.043"/>
  <testcase name="sectionsAmountTest" classname="tests.content.BodyTest" time="0.08"/>
  <system-out><![CDATA[]]></system-out>
  <system-err><![CDATA[]]></system-err>
</testsuite>
