<?xml version="1.0" encoding="UTF-8"?>
<testsuite name="tests.content.OverDeTestersSection" tests="2" skipped="0" failures="0" errors="0" timestamp="2019-01-28T14:47:17" hostname="Pavlos-MacBook-Pro.local" time="0.271">
  <properties/>
  <testcase name="headersTest" classname="tests.content.OverDeTestersSection" time="0.104"/>
  <testcase name="paragraphsTest" classname="tests.content.OverDeTestersSection" time="0.091"/>
  <system-out><![CDATA[]]></system-out>
  <system-err><![CDATA[]]></system-err>
</testsuite>
