<?xml version="1.0" encoding="UTF-8"?>
<testsuite name="tests.content.HeaderTest" tests="2" skipped="0" failures="0" errors="0" timestamp="2019-01-28T15:20:49" hostname="Pavlos-MacBook-Pro.local" time="0.297">
  <properties/>
  <testcase name="checkMenuItems" classname="tests.content.HeaderTest" time="0.124"/>
  <testcase name="checkLogo" classname="tests.content.HeaderTest" time="0.02"/>
  <system-out><![CDATA[]]></system-out>
  <system-err><![CDATA[]]></system-err>
</testsuite>
