<?xml version="1.0" encoding="UTF-8"?>
<testsuite name="tests.content.ReferentiesSection" tests="4" skipped="0" failures="0" errors="0" timestamp="2019-01-28T14:47:17" hostname="Pavlos-MacBook-Pro.local" time="2.189">
  <properties/>
  <testcase name="thumbnailsTest" classname="tests.content.ReferentiesSection" time="0.053"/>
  <testcase name="imageURLsTest" classname="tests.content.ReferentiesSection" time="1.63"/>
  <testcase name="popUpsTest" classname="tests.content.ReferentiesSection" time="0.107"/>
  <testcase name="popUp1Test" classname="tests.content.ReferentiesSection" time="0.282"/>
  <system-out><![CDATA[]]></system-out>
  <system-err><![CDATA[]]></system-err>
</testsuite>
