<?xml version="1.0" encoding="UTF-8"?>
<testsuite name="tests.content.ReferentiesSection" tests="4" skipped="0" failures="0" errors="0" timestamp="2019-01-28T15:20:49" hostname="Pavlos-MacBook-Pro.local" time="2.078">
  <properties/>
  <testcase name="thumbnailsTest" classname="tests.content.ReferentiesSection" time="0.057"/>
  <testcase name="imageURLsTest" classname="tests.content.ReferentiesSection" time="1.562"/>
  <testcase name="popUpsTest" classname="tests.content.ReferentiesSection" time="0.11"/>
  <testcase name="popUp1Test" classname="tests.content.ReferentiesSection" time="0.24"/>
  <system-out><![CDATA[]]></system-out>
  <system-err><![CDATA[]]></system-err>
</testsuite>
